<?xml version="1.0" encoding="UTF-8"?>
<!-- Generated by org.testng.reporters.JUnitReportReporter -->
<testsuite hostname="jawad" failures="0" tests="2" name="com.java.Array" time="0.013" errors="0" timestamp="2024-05-15T16:13:46 EDT" skipped="1">
  <testcase classname="com.java.Array" name="changeArrayToList" time="0.013"/>
  <testcase classname="com.java.Array" name="declareArrayAndPrint">
    <skipped/>
  </testcase> <!-- declareArrayAndPrint -->
</testsuite> <!-- com.java.Array -->
